[21:18:04] [MODEL] 🚀 Initialized new main model.
[21:18:04] [MODEL] 🚀 Initialized new secondary model.
[21:19:04] [SAVE] 💾 Models saved.
[21:20:04] [SAVE] 💾 Models saved.
[21:21:04] [SAVE] 💾 Models saved.
[21:22:04] [SAVE] 💾 Models saved.
[21:22:30] [MODEL] ✅ Loaded main model.
[21:22:30] [MODEL] ✅ Loaded secondary model.
[21:23:04] [SAVE] 💾 Models saved.
[21:23:30] [SAVE] 💾 Models saved.
[21:24:04] [SAVE] 💾 Models saved.
[21:24:30] [SAVE] 💾 Models saved.
[21:25:04] [SAVE] 💾 Models saved.
[21:25:30] [SAVE] 💾 Models saved.
[21:27:06] [MODEL] ✅ Loaded main model.
[21:27:06] [MODEL] ✅ Loaded secondary model.
[21:28:06] [SAVE] 💾 Models saved.
[21:29:06] [SAVE] 💾 Models saved.
[21:30:06] [SAVE] 💾 Models saved.
[21:31:07] [MODEL] ✅ Loaded main model.
[21:31:07] [MODEL] ✅ Loaded secondary model.
[21:31:59] [MODEL] ✅ Loaded main model.
[21:31:59] [MODEL] ✅ Loaded secondary model.
